2023-08-17 21:12:28.939 [info] Extension host with pid 22943 started
2023-08-17 21:12:29.063 [info] ExtensionService#_doActivateExtension vscode.git-base, startup: true, activationEvent: '*', root cause: vscode.git
2023-08-17 21:12:29.069 [info] ExtensionService#_doActivateExtension s-nlf-fh.glassit, startup: true, activationEvent: '*'
2023-08-17 21:12:29.245 [error] Activating extension s-nlf-fh.glassit failed due to an error:
2023-08-17 21:12:29.245 [error] Error: Command failed: xprop -root | grep '_NET_CLIENT_LIST(WINDOW)'
/bin/sh: line 1: xprop: command not found

	at checkExecSyncError (node:child_process:880:11)
	at Object.execSync (node:child_process:951:15)
	at Object.execSync (node:electron/js2c/asar_bundle:2:12711)
	at activate (/home/ronard/.vscode/extensions/s-nlf-fh.glassit-0.2.6/extension.js:59:43)
	at Dn.eb (/usr/share/code/resources/app/out/vs/workbench/api/node/extensionHostProcess.js:116:13102)
	at Dn.db (/usr/share/code/resources/app/out/vs/workbench/api/node/extensionHostProcess.js:116:12816)
	at /usr/share/code/resources/app/out/vs/workbench/api/node/extensionHostProcess.js:116:10913
	at async p.n (/usr/share/code/resources/app/out/vs/workbench/api/node/extensionHostProcess.js:102:6206)
	at async p.m (/usr/share/code/resources/app/out/vs/workbench/api/node/extensionHostProcess.js:102:6169)
	at async p.l (/usr/share/code/resources/app/out/vs/workbench/api/node/extensionHostProcess.js:102:5626)
2023-08-17 21:12:29.251 [info] ExtensionService#_doActivateExtension vscode.git, startup: true, activationEvent: '*'
2023-08-17 21:12:29.308 [info] ExtensionService#_doActivateExtension vscode.github, startup: true, activationEvent: '*'
2023-08-17 21:12:29.459 [info] Eager extensions activated
2023-08-17 21:12:29.506 [info] ExtensionService#_doActivateExtension vscode.github-authentication, startup: false, activationEvent: 'onAuthenticationRequest:github'
2023-08-17 21:12:29.532 [info] ExtensionService#_doActivateExtension vscode.debug-auto-launch, startup: false, activationEvent: 'onStartupFinished'
2023-08-17 21:12:29.535 [info] ExtensionService#_doActivateExtension vscode.merge-conflict, startup: false, activationEvent: 'onStartupFinished'
2023-08-17 21:12:30.108 [info] ExtensionService#_doActivateExtension vscode.microsoft-authentication, startup: false, activationEvent: 'onAuthenticationRequest:microsoft'
2023-08-17 21:12:50.747 [info] Extension host terminating: renderer closed the MessagePort
2023-08-17 21:12:50.765 [info] Extension host with pid 22943 exiting with code 0
2023-08-17 21:12:52.514 [info] Extension host with pid 23212 started
2023-08-17 21:12:52.514 [info] Skipping acquiring lock for /home/ronard/.config/Code/User/workspaceStorage/d6961ba4d85aeabb453c7023a171e99b.
2023-08-17 21:12:52.604 [info] ExtensionService#_doActivateExtension vscode.git-base, startup: true, activationEvent: '*'
2023-08-17 21:12:52.660 [info] ExtensionService#_doActivateExtension vscode.github, startup: true, activationEvent: '*'
2023-08-17 21:12:52.704 [info] Eager extensions activated
2023-08-17 21:12:52.717 [info] ExtensionService#_doActivateExtension vscode.debug-auto-launch, startup: false, activationEvent: 'onStartupFinished'
2023-08-17 21:12:52.722 [info] ExtensionService#_doActivateExtension vscode.merge-conflict, startup: false, activationEvent: 'onStartupFinished'
2023-08-17 21:12:52.843 [info] ExtensionService#_doActivateExtension vscode.github-authentication, startup: false, activationEvent: 'onAuthenticationRequest:github'
2023-08-17 21:12:53.055 [info] ExtensionService#_doActivateExtension vscode.microsoft-authentication, startup: false, activationEvent: 'onAuthenticationRequest:microsoft'
2023-08-17 21:12:54.937 [info] ExtensionService#_doActivateExtension vscode.git, startup: false, activationEvent: 'api', root cause: vscode.github
2023-08-17 21:12:55.031 [info] ExtensionService#_doActivateExtension s-nlf-fh.glassit, startup: false, activationEvent: '*'
2023-08-17 21:12:55.243 [error] Activating extension s-nlf-fh.glassit failed due to an error:
2023-08-17 21:12:55.244 [error] Error: Command failed: xprop -root | grep '_NET_CLIENT_LIST(WINDOW)'
/bin/sh: line 1: xprop: command not found

	at checkExecSyncError (node:child_process:880:11)
	at Object.execSync (node:child_process:951:15)
	at Object.execSync (node:electron/js2c/asar_bundle:2:12711)
	at activate (/home/ronard/.vscode/extensions/s-nlf-fh.glassit-0.2.6/extension.js:59:43)
	at Dn.eb (/usr/share/code/resources/app/out/vs/workbench/api/node/extensionHostProcess.js:116:13102)
	at Dn.db (/usr/share/code/resources/app/out/vs/workbench/api/node/extensionHostProcess.js:116:12816)
	at /usr/share/code/resources/app/out/vs/workbench/api/node/extensionHostProcess.js:116:10913
	at async p.n (/usr/share/code/resources/app/out/vs/workbench/api/node/extensionHostProcess.js:102:6206)
	at async p.m (/usr/share/code/resources/app/out/vs/workbench/api/node/extensionHostProcess.js:102:6169)
	at async p.l (/usr/share/code/resources/app/out/vs/workbench/api/node/extensionHostProcess.js:102:5626)
2023-08-17 21:12:57.937 [info] ExtensionService#_doActivateExtension vscode.emmet, startup: false, activationEvent: 'onLanguage'
2023-08-17 21:13:25.620 [info] ExtensionService#_doActivateExtension vscode.json-language-features, startup: false, activationEvent: 'onLanguage:jsonc'
2023-08-17 21:13:25.683 [info] ExtensionService#_doActivateExtension vscode.typescript-language-features, startup: false, activationEvent: 'onLanguage:jsonc'
2023-08-17 21:17:04.804 [info] ExtensionService#_doActivateExtension vscode.extension-editing, startup: false, activationEvent: 'onLanguage:json'
2023-08-17 21:17:04.833 [info] ExtensionService#_doActivateExtension vscode.npm, startup: false, activationEvent: 'onLanguage:json'
2023-08-17 21:17:29.730 [info] Extension host terminating: renderer closed the MessagePort
2023-08-17 21:17:29.794 [info] Extension host with pid 23212 exiting with code 0
