2023-08-17 21:23:41.906 [info] Extension host with pid 26153 started
2023-08-17 21:23:42.145 [info] ExtensionService#_doActivateExtension vscode.css-language-features, startup: false, activationEvent: 'onLanguage:css'
2023-08-17 21:23:42.187 [info] ExtensionService#_doActivateExtension vscode.emmet, startup: false, activationEvent: 'onLanguage'
2023-08-17 21:23:42.837 [info] ExtensionService#_doActivateExtension vscode.git-base, startup: true, activationEvent: '*', root cause: vscode.git
2023-08-17 21:23:42.844 [info] ExtensionService#_doActivateExtension s-nlf-fh.glassit, startup: true, activationEvent: '*'
2023-08-17 21:23:43.040 [error] Activating extension s-nlf-fh.glassit failed due to an error:
2023-08-17 21:23:43.040 [error] Error: Command failed: xprop -root | grep '_NET_CLIENT_LIST(WINDOW)'
/bin/sh: line 1: xprop: command not found

	at checkExecSyncError (node:child_process:880:11)
	at Object.execSync (node:child_process:951:15)
	at Object.execSync (node:electron/js2c/asar_bundle:2:12711)
	at activate (/home/ronard/.vscode/extensions/s-nlf-fh.glassit-0.2.6/extension.js:59:43)
	at Dn.eb (/usr/share/code/resources/app/out/vs/workbench/api/node/extensionHostProcess.js:116:13102)
	at Dn.db (/usr/share/code/resources/app/out/vs/workbench/api/node/extensionHostProcess.js:116:12816)
	at /usr/share/code/resources/app/out/vs/workbench/api/node/extensionHostProcess.js:116:10913
	at async p.n (/usr/share/code/resources/app/out/vs/workbench/api/node/extensionHostProcess.js:102:6206)
	at async p.m (/usr/share/code/resources/app/out/vs/workbench/api/node/extensionHostProcess.js:102:6169)
	at async p.l (/usr/share/code/resources/app/out/vs/workbench/api/node/extensionHostProcess.js:102:5626)
2023-08-17 21:23:43.048 [info] ExtensionService#_doActivateExtension vscode.git, startup: true, activationEvent: '*'
2023-08-17 21:23:43.102 [info] ExtensionService#_doActivateExtension vscode.github, startup: true, activationEvent: '*'
2023-08-17 21:23:43.203 [info] Eager extensions activated
2023-08-17 21:23:43.353 [info] ExtensionService#_doActivateExtension vscode.debug-auto-launch, startup: false, activationEvent: 'onStartupFinished'
2023-08-17 21:23:43.358 [info] ExtensionService#_doActivateExtension vscode.merge-conflict, startup: false, activationEvent: 'onStartupFinished'
2023-08-17 21:23:43.847 [info] ExtensionService#_doActivateExtension vscode.github-authentication, startup: false, activationEvent: 'onAuthenticationRequest:github'
2023-08-17 21:23:43.927 [info] ExtensionService#_doActivateExtension vscode.microsoft-authentication, startup: false, activationEvent: 'onAuthenticationRequest:microsoft'
2023-08-17 21:23:44.950 [info] ExtensionService#_doActivateExtension vscode.json-language-features, startup: false, activationEvent: 'onLanguage:jsonc'
2023-08-17 21:23:44.989 [info] ExtensionService#_doActivateExtension vscode.typescript-language-features, startup: false, activationEvent: 'onLanguage:jsonc'
2023-08-17 21:23:54.632 [info] Extension host terminating: renderer closed the MessagePort
2023-08-17 21:23:54.694 [info] Extension host with pid 26153 exiting with code 0
2023-08-17 21:23:56.375 [info] Extension host with pid 26342 started
2023-08-17 21:23:56.375 [info] Skipping acquiring lock for /home/ronard/.config/Code/User/workspaceStorage/c9c587deab30046a4746bcc3e6d2db45.
2023-08-17 21:23:56.450 [info] ExtensionService#_doActivateExtension vscode.git-base, startup: true, activationEvent: '*', root cause: vscode.git
2023-08-17 21:23:56.460 [info] ExtensionService#_doActivateExtension s-nlf-fh.glassit, startup: true, activationEvent: '*'
2023-08-17 21:23:56.617 [error] Activating extension s-nlf-fh.glassit failed due to an error:
2023-08-17 21:23:56.618 [error] Error: Command failed: xprop -root | grep '_NET_CLIENT_LIST(WINDOW)'
/bin/sh: line 1: xprop: command not found

	at checkExecSyncError (node:child_process:880:11)
	at Object.execSync (node:child_process:951:15)
	at Object.execSync (node:electron/js2c/asar_bundle:2:12711)
	at activate (/home/ronard/.vscode/extensions/s-nlf-fh.glassit-0.2.6/extension.js:59:43)
	at Dn.eb (/usr/share/code/resources/app/out/vs/workbench/api/node/extensionHostProcess.js:116:13102)
	at Dn.db (/usr/share/code/resources/app/out/vs/workbench/api/node/extensionHostProcess.js:116:12816)
	at /usr/share/code/resources/app/out/vs/workbench/api/node/extensionHostProcess.js:116:10913
	at async p.n (/usr/share/code/resources/app/out/vs/workbench/api/node/extensionHostProcess.js:102:6206)
	at async p.m (/usr/share/code/resources/app/out/vs/workbench/api/node/extensionHostProcess.js:102:6169)
	at async p.l (/usr/share/code/resources/app/out/vs/workbench/api/node/extensionHostProcess.js:102:5626)
2023-08-17 21:23:56.619 [info] ExtensionService#_doActivateExtension vscode.git, startup: true, activationEvent: '*'
2023-08-17 21:23:56.661 [info] ExtensionService#_doActivateExtension vscode.github, startup: true, activationEvent: '*'
2023-08-17 21:23:56.779 [info] Eager extensions activated
2023-08-17 21:23:56.833 [info] ExtensionService#_doActivateExtension vscode.debug-auto-launch, startup: false, activationEvent: 'onStartupFinished'
2023-08-17 21:23:56.839 [info] ExtensionService#_doActivateExtension vscode.merge-conflict, startup: false, activationEvent: 'onStartupFinished'
2023-08-17 21:23:56.994 [info] ExtensionService#_doActivateExtension vscode.github-authentication, startup: false, activationEvent: 'onAuthenticationRequest:github'
2023-08-17 21:23:57.277 [info] ExtensionService#_doActivateExtension vscode.microsoft-authentication, startup: false, activationEvent: 'onAuthenticationRequest:microsoft'
2023-08-17 21:24:00.247 [info] ExtensionService#_doActivateExtension vscode.css-language-features, startup: false, activationEvent: 'onLanguage:css'
2023-08-17 21:24:00.273 [info] ExtensionService#_doActivateExtension vscode.emmet, startup: false, activationEvent: 'onLanguage'
2023-08-17 21:26:00.468 [info] Extension host terminating: renderer closed the MessagePort
2023-08-17 21:26:00.509 [info] Extension host with pid 26342 exiting with code 0
