2023-08-19 16:28:01.744 [info] Extension host with pid 15436 started
2023-08-19 16:28:01.744 [info] Skipping acquiring lock for /home/ronard/.config/Code/User/workspaceStorage/c9c587deab30046a4746bcc3e6d2db45.
2023-08-19 16:28:01.939 [info] ExtensionService#_doActivateExtension vscode.emmet, startup: false, activationEvent: 'onLanguage'
2023-08-19 16:28:01.953 [info] ExtensionService#_doActivateExtension vscode.css-language-features, startup: false, activationEvent: 'onLanguage:css'
2023-08-19 16:28:02.504 [info] ExtensionService#_doActivateExtension vscode.git-base, startup: true, activationEvent: '*', root cause: vscode.git
2023-08-19 16:28:02.510 [info] ExtensionService#_doActivateExtension s-nlf-fh.glassit, startup: true, activationEvent: '*'
2023-08-19 16:28:02.634 [error] Activating extension s-nlf-fh.glassit failed due to an error:
2023-08-19 16:28:02.635 [error] Error: Command failed: xprop -root | grep '_NET_CLIENT_LIST(WINDOW)'
/bin/sh: line 1: xprop: command not found

	at checkExecSyncError (node:child_process:880:11)
	at Object.execSync (node:child_process:951:15)
	at Object.execSync (node:electron/js2c/asar_bundle:2:12711)
	at activate (/home/ronard/.vscode/extensions/s-nlf-fh.glassit-0.2.6/extension.js:59:43)
	at Dn.eb (/usr/share/code/resources/app/out/vs/workbench/api/node/extensionHostProcess.js:116:13102)
	at Dn.db (/usr/share/code/resources/app/out/vs/workbench/api/node/extensionHostProcess.js:116:12816)
	at /usr/share/code/resources/app/out/vs/workbench/api/node/extensionHostProcess.js:116:10913
	at async p.n (/usr/share/code/resources/app/out/vs/workbench/api/node/extensionHostProcess.js:102:6206)
	at async p.m (/usr/share/code/resources/app/out/vs/workbench/api/node/extensionHostProcess.js:102:6169)
	at async p.l (/usr/share/code/resources/app/out/vs/workbench/api/node/extensionHostProcess.js:102:5626)
2023-08-19 16:28:02.639 [info] ExtensionService#_doActivateExtension vscode.git, startup: true, activationEvent: '*'
2023-08-19 16:28:02.670 [info] ExtensionService#_doActivateExtension vscode.github, startup: true, activationEvent: '*'
2023-08-19 16:28:02.741 [info] Eager extensions activated
2023-08-19 16:28:02.790 [info] ExtensionService#_doActivateExtension vscode.debug-auto-launch, startup: false, activationEvent: 'onStartupFinished'
2023-08-19 16:28:02.794 [info] ExtensionService#_doActivateExtension vscode.merge-conflict, startup: false, activationEvent: 'onStartupFinished'
2023-08-19 16:28:03.057 [info] ExtensionService#_doActivateExtension vscode.github-authentication, startup: false, activationEvent: 'onAuthenticationRequest:github'
2023-08-19 16:28:03.105 [info] ExtensionService#_doActivateExtension vscode.microsoft-authentication, startup: false, activationEvent: 'onAuthenticationRequest:microsoft'
2023-08-20 12:30:35.580 [info] Extension host terminating: renderer closed the MessagePort
2023-08-20 12:30:35.633 [info] Extension host with pid 15436 exiting with code 0
