2023-08-17 21:12:28.104 [info] Added views:workbench.panel.markers.view in workbench.panel.markers
2023-08-17 21:12:28.104 [info] Added views:workbench.panel.output in workbench.panel.output
2023-08-17 21:12:28.104 [info] Added views:terminal in terminal
2023-08-17 21:12:28.104 [info] Added views:outline in workbench.view.explorer
2023-08-17 21:12:28.104 [info] Added views:workbench.scm in workbench.view.scm
2023-08-17 21:12:28.104 [info] Added views:workbench.view.search in workbench.view.search
2023-08-17 21:12:28.104 [info] Added views:timeline in workbench.view.explorer
2023-08-17 21:12:28.104 [info] Added views:workbench.explorer.emptyView in workbench.view.explorer
2023-08-17 21:12:28.993 [info] Added views:workbench.debug.welcome in workbench.view.debug
2023-08-17 21:12:29.057 [info] Added views:workbench.panel.repl.view in workbench.panel.repl
2023-08-17 21:12:51.740 [info] Added views:workbench.panel.markers.view in workbench.panel.markers
2023-08-17 21:12:51.740 [info] Added views:workbench.panel.output in workbench.panel.output
2023-08-17 21:12:51.740 [info] Added views:terminal in terminal
2023-08-17 21:12:51.740 [info] Added views:outline in workbench.view.explorer
2023-08-17 21:12:51.740 [info] Added views:workbench.scm in workbench.view.scm
2023-08-17 21:12:51.740 [info] Added views:workbench.view.search in workbench.view.search
2023-08-17 21:12:51.740 [info] Added views:timeline in workbench.view.explorer
2023-08-17 21:12:51.740 [info] Added views:workbench.explorer.fileView in workbench.view.explorer
2023-08-17 21:12:52.371 [info] Added views:workbench.debug.variablesView,workbench.debug.watchExpressionsView,workbench.debug.callStackView,workbench.debug.breakPointsView in workbench.view.debug
2023-08-17 21:12:52.596 [info] Added views:workbench.panel.repl.view in workbench.panel.repl
2023-08-17 21:12:52.601 [info] Removed views:workbench.debug.breakPointsView,workbench.debug.callStackView,workbench.debug.watchExpressionsView,workbench.debug.variablesView from workbench.view.debug
2023-08-17 21:12:52.602 [info] Added views:workbench.debug.welcome in workbench.view.debug
2023-08-17 21:14:23.073 [info] Added views:workbench.views.extensions.installed,workbench.views.extensions.popular,extensions.recommendedList in workbench.view.extensions
2023-08-17 21:14:23.078 [info] Removed views:workbench.views.extensions.popular from workbench.view.extensions
2023-08-17 21:14:23.798 [info] Removed views:extensions.recommendedList,workbench.views.extensions.installed from workbench.view.extensions
2023-08-17 21:14:23.844 [info] Added views:workbench.views.extensions.marketplace in workbench.view.extensions
2023-08-17 21:17:10.218 [info] Removed views:timeline from workbench.view.explorer
2023-08-17 21:17:13.406 [info] Removed views:outline from workbench.view.explorer
