2023-08-17 21:17:40.353 [info] Extension host with pid 24119 started
2023-08-17 21:17:40.898 [info] ExtensionService#_doActivateExtension vscode.emmet, startup: false, activationEvent: 'onLanguage'
2023-08-17 21:17:41.072 [info] ExtensionService#_doActivateExtension vscode.git-base, startup: true, activationEvent: '*', root cause: vscode.git
2023-08-17 21:17:41.077 [info] ExtensionService#_doActivateExtension s-nlf-fh.glassit, startup: true, activationEvent: '*'
2023-08-17 21:17:41.350 [error] Activating extension s-nlf-fh.glassit failed due to an error:
2023-08-17 21:17:41.350 [error] Error: Command failed: xprop -root | grep '_NET_CLIENT_LIST(WINDOW)'
/bin/sh: line 1: xprop: command not found

	at checkExecSyncError (node:child_process:880:11)
	at Object.execSync (node:child_process:951:15)
	at Object.execSync (node:electron/js2c/asar_bundle:2:12711)
	at activate (/home/ronard/.vscode/extensions/s-nlf-fh.glassit-0.2.6/extension.js:59:43)
	at Dn.eb (/usr/share/code/resources/app/out/vs/workbench/api/node/extensionHostProcess.js:116:13102)
	at Dn.db (/usr/share/code/resources/app/out/vs/workbench/api/node/extensionHostProcess.js:116:12816)
	at /usr/share/code/resources/app/out/vs/workbench/api/node/extensionHostProcess.js:116:10913
	at async p.n (/usr/share/code/resources/app/out/vs/workbench/api/node/extensionHostProcess.js:102:6206)
	at async p.m (/usr/share/code/resources/app/out/vs/workbench/api/node/extensionHostProcess.js:102:6169)
	at async p.l (/usr/share/code/resources/app/out/vs/workbench/api/node/extensionHostProcess.js:102:5626)
2023-08-17 21:17:41.353 [info] ExtensionService#_doActivateExtension vscode.git, startup: true, activationEvent: '*'
2023-08-17 21:17:41.410 [info] ExtensionService#_doActivateExtension vscode.github, startup: true, activationEvent: '*'
2023-08-17 21:17:41.536 [info] Eager extensions activated
2023-08-17 21:17:41.592 [info] ExtensionService#_doActivateExtension vscode.debug-auto-launch, startup: false, activationEvent: 'onStartupFinished'
2023-08-17 21:17:41.597 [info] ExtensionService#_doActivateExtension vscode.merge-conflict, startup: false, activationEvent: 'onStartupFinished'
2023-08-17 21:17:42.082 [info] ExtensionService#_doActivateExtension vscode.github-authentication, startup: false, activationEvent: 'onAuthenticationRequest:github'
2023-08-17 21:17:42.251 [info] ExtensionService#_doActivateExtension vscode.microsoft-authentication, startup: false, activationEvent: 'onAuthenticationRequest:microsoft'
2023-08-17 21:17:54.967 [info] ExtensionService#_doActivateExtension vscode.json-language-features, startup: false, activationEvent: 'onLanguage:jsonc'
2023-08-17 21:17:55.004 [info] ExtensionService#_doActivateExtension vscode.typescript-language-features, startup: false, activationEvent: 'onLanguage:jsonc'
2023-08-17 21:18:29.028 [info] ExtensionService#_doActivateExtension vscode.css-language-features, startup: false, activationEvent: 'onLanguage:css'
2023-08-17 21:18:39.824 [info] Extension host terminating: renderer closed the MessagePort
2023-08-17 21:18:39.894 [info] Extension host with pid 24119 exiting with code 0
